Arguments: 
  /Users/linusk/.nvm/versions/node/v12.16.1/bin/node /usr/local/Cellar/yarn/1.22.4/libexec/bin/yarn.js publish

PATH: 
  /usr/local/lib/ruby/gems/2.7.0/bin:/usr/local/opt/ruby/bin:/Users/linusk/.nvm/versions/node/v12.16.1/bin:/usr/local/bin:/usr/local/sbin:/usr/bin:/bin:/usr/sbin:/sbin:/usr/local/MacGPG2/bin:/usr/local/lib/ruby/gems/2.7.0/bin:/usr/local/opt/ruby/bin:/Users/linusk/.nvm/versions/node/v12.16.1/bin

Yarn version: 
  1.22.4

Node version: 
  12.16.1

Platform: 
  darwin x64

Trace: 
  Error: canceled
      at Interface.<anonymous> (/usr/local/Cellar/yarn/1.22.4/libexec/lib/cli.js:137008:13)
      at Interface.emit (events.js:311:20)
      at Interface._ttyWrite (readline.js:893:16)
      at ReadStream.onkeypress (readline.js:198:10)
      at ReadStream.emit (events.js:311:20)
      at emitKeys (internal/readline/utils.js:438:14)
      at emitKeys.next (<anonymous>)
      at ReadStream.onData (readline.js:1160:36)
      at ReadStream.emit (events.js:311:20)
      at addChunk (_stream_readable.js:294:12)

npm manifest: 
  {
    "name": "bb-prs",
    "bin": "./index.js",
    "version": "1.0.0",
    "main": "index.js",
    "license": "MIT",
    "dependencies": {
      "arg": "^4.1.3",
      "axios": "^0.19.2",
      "cli-table3": "^0.6.0",
      "commander": "^5.0.0",
      "dayjs": "^1.8.24",
      "fs": "^0.0.1-security",
      "ini": "^1.3.5",
      "ora": "^4.0.3",
      "passport-oauth": "^1.0.0",
      "querystring": "^0.2.0"
    }
  }

yarn manifest: 
  No manifest

Lockfile: 
  # THIS IS AN AUTOGENERATED FILE. DO NOT EDIT THIS FILE DIRECTLY.
  # yarn lockfile v1
  
  
  "@types/color-name@^1.1.1":
    version "1.1.1"
    resolved "https://packages.atlassian.com/api/npm/npm-remote/@types/color-name/-/color-name-1.1.1.tgz#1c1261bbeaa10a8055bbc5d8ab84b7b2afc846a0"
    integrity sha1-HBJhu+qhCoBVu8XYq4S3sq/IRqA=
  
  ansi-regex@^5.0.0:
    version "5.0.0"
    resolved "https://packages.atlassian.com/api/npm/npm-remote/ansi-regex/-/ansi-regex-5.0.0.tgz#388539f55179bf39339c81af30a654d69f87cb75"
    integrity sha1-OIU59VF5vzkznIGvMKZU1p+Hy3U=
  
  ansi-styles@^3.2.1:
    version "3.2.1"
    resolved "https://packages.atlassian.com/api/npm/npm-remote/ansi-styles/-/ansi-styles-3.2.1.tgz#41fbb20243e50b12be0f04b8dedbf07520ce841d"
    integrity sha1-QfuyAkPlCxK+DwS43tvwdSDOhB0=
    dependencies:
      color-convert "^1.9.0"
  
  ansi-styles@^4.1.0:
    version "4.2.1"
    resolved "https://packages.atlassian.com/api/npm/npm-remote/ansi-styles/-/ansi-styles-4.2.1.tgz#90ae75c424d008d2624c5bf29ead3177ebfcf359"
    integrity sha1-kK51xCTQCNJiTFvynq0xd+v881k=
    dependencies:
      "@types/color-name" "^1.1.1"
      color-convert "^2.0.1"
  
  arg@^4.1.3:
    version "4.1.3"
    resolved "https://packages.atlassian.com/api/npm/npm-remote/arg/-/arg-4.1.3.tgz#269fc7ad5b8e42cb63c896d5666017261c144089"
    integrity sha1-Jp/HrVuOQstjyJbVZmAXJhwUQIk=
  
  axios@^0.19.2:
    version "0.19.2"
    resolved "https://packages.atlassian.com/api/npm/npm-remote/axios/-/axios-0.19.2.tgz#3ea36c5d8818d0d5f8a8a97a6d36b86cdc00cb27"
    integrity sha1-PqNsXYgY0NX4qKl6bTa4bNwAyyc=
    dependencies:
      follow-redirects "1.5.10"
  
  base64url@3.x.x:
    version "3.0.1"
    resolved "https://packages.atlassian.com/api/npm/npm-remote/base64url/-/base64url-3.0.1.tgz#6399d572e2bc3f90a9a8b22d5dbb0a32d33f788d"
    integrity sha1-Y5nVcuK8P5CpqLItXbsKMtM/eI0=
  
  chalk@^2.4.2:
    version "2.4.2"
    resolved "https://packages.atlassian.com/api/npm/npm-remote/chalk/-/chalk-2.4.2.tgz#cd42541677a54333cf541a49108c1432b44c9424"
    integrity sha1-zUJUFnelQzPPVBpJEIwUMrRMlCQ=
    dependencies:
      ansi-styles "^3.2.1"
      escape-string-regexp "^1.0.5"
      supports-color "^5.3.0"
  
  chalk@^3.0.0:
    version "3.0.0"
    resolved "https://packages.atlassian.com/api/npm/npm-remote/chalk/-/chalk-3.0.0.tgz#3f73c2bf526591f574cc492c51e2456349f844e4"
    integrity sha1-P3PCv1JlkfV0zEksUeJFY0n4ROQ=
    dependencies:
      ansi-styles "^4.1.0"
      supports-color "^7.1.0"
  
  cli-cursor@^3.1.0:
    version "3.1.0"
    resolved "https://packages.atlassian.com/api/npm/npm-remote/cli-cursor/-/cli-cursor-3.1.0.tgz#264305a7ae490d1d03bf0c9ba7c925d1753af307"
    integrity sha1-JkMFp65JDR0Dvwybp8kl0XU68wc=
    dependencies:
      restore-cursor "^3.1.0"
  
  cli-spinners@^2.2.0:
    version "2.3.0"
    resolved "https://packages.atlassian.com/api/npm/npm-remote/cli-spinners/-/cli-spinners-2.3.0.tgz#0632239a4b5aa4c958610142c34bb7a651fc8df5"
    integrity sha1-BjIjmktapMlYYQFCw0u3plH8jfU=
  
  cli-table3@^0.6.0:
    version "0.6.0"
    resolved "https://packages.atlassian.com/api/npm/npm-remote/cli-table3/-/cli-table3-0.6.0.tgz#b7b1bc65ca8e7b5cef9124e13dc2b21e2ce4faee"
    integrity sha1-t7G8ZcqOe1zvkSThPcKyHizk+u4=
    dependencies:
      object-assign "^4.1.0"
      string-width "^4.2.0"
    optionalDependencies:
      colors "^1.1.2"
  
  clone@^1.0.2:
    version "1.0.4"
    resolved "https://packages.atlassian.com/api/npm/npm-remote/clone/-/clone-1.0.4.tgz#da309cc263df15994c688ca902179ca3c7cd7c7e"
    integrity sha1-2jCcwmPfFZlMaIypAheco8fNfH4=
  
  color-convert@^1.9.0:
    version "1.9.3"
    resolved "https://packages.atlassian.com/api/npm/npm-remote/color-convert/-/color-convert-1.9.3.tgz#bb71850690e1f136567de629d2d5471deda4c1e8"
    integrity sha1-u3GFBpDh8TZWfeYp0tVHHe2kweg=
    dependencies:
      color-name "1.1.3"
  
  color-convert@^2.0.1:
    version "2.0.1"
    resolved "https://packages.atlassian.com/api/npm/npm-remote/color-convert/-/color-convert-2.0.1.tgz#72d3a68d598c9bdb3af2ad1e84f21d896abd4de3"
    integrity sha1-ctOmjVmMm9s68q0ehPIdiWq9TeM=
    dependencies:
      color-name "~1.1.4"
  
  color-name@1.1.3:
    version "1.1.3"
    resolved "https://packages.atlassian.com/api/npm/npm-remote/color-name/-/color-name-1.1.3.tgz#a7d0558bd89c42f795dd42328f740831ca53bc25"
    integrity sha1-p9BVi9icQveV3UIyj3QIMcpTvCU=
  
  color-name@~1.1.4:
    version "1.1.4"
    resolved "https://packages.atlassian.com/api/npm/npm-remote/color-name/-/color-name-1.1.4.tgz#c2a09a87acbde69543de6f63fa3995c826c536a2"
    integrity sha1-wqCah6y95pVD3m9j+jmVyCbFNqI=
  
  colors@^1.1.2:
    version "1.4.0"
    resolved "https://packages.atlassian.com/api/npm/npm-remote/colors/-/colors-1.4.0.tgz#c50491479d4c1bdaed2c9ced32cf7c7dc2360f78"
    integrity sha1-xQSRR51MG9rtLJztMs98fcI2D3g=
  
  commander@^5.0.0:
    version "5.0.0"
    resolved "https://packages.atlassian.com/api/npm/npm-remote/commander/-/commander-5.0.0.tgz#dbf1909b49e5044f8fdaf0adc809f0c0722bdfd0"
    integrity sha1-2/GQm0nlBE+P2vCtyAnwwHIr39A=
  
  dayjs@^1.8.24:
    version "1.8.24"
    resolved "https://packages.atlassian.com/api/npm/npm-remote/dayjs/-/dayjs-1.8.24.tgz#2ef8a2ab9425eaf3318fe78825be1c571027488d"
    integrity sha1-Lviiq5Ql6vMxj+eIJb4cVxAnSI0=
  
  debug@=3.1.0:
    version "3.1.0"
    resolved "https://packages.atlassian.com/api/npm/npm-remote/debug/-/debug-3.1.0.tgz#5bb5a0672628b64149566ba16819e61518c67261"
    integrity sha1-W7WgZyYotkFJVmuhaBnmFRjGcmE=
    dependencies:
      ms "2.0.0"
  
  defaults@^1.0.3:
    version "1.0.3"
    resolved "https://packages.atlassian.com/api/npm/npm-remote/defaults/-/defaults-1.0.3.tgz#c656051e9817d9ff08ed881477f3fe4019f3ef7d"
    integrity sha1-xlYFHpgX2f8I7YgUd/P+QBnz730=
    dependencies:
      clone "^1.0.2"
  
  emoji-regex@^8.0.0:
    version "8.0.0"
    resolved "https://packages.atlassian.com/api/npm/npm-remote/emoji-regex/-/emoji-regex-8.0.0.tgz#e818fd69ce5ccfcb404594f842963bf53164cc37"
    integrity sha1-6Bj9ac5cz8tARZT4QpY79TFkzDc=
  
  escape-string-regexp@^1.0.5:
    version "1.0.5"
    resolved "https://packages.atlassian.com/api/npm/npm-remote/escape-string-regexp/-/escape-string-regexp-1.0.5.tgz#1b61c0562190a8dff6ae3bb2cf0200ca130b86d4"
    integrity sha1-G2HAViGQqN/2rjuyzwIAyhMLhtQ=
  
  follow-redirects@1.5.10:
    version "1.5.10"
    resolved "https://packages.atlassian.com/api/npm/npm-remote/follow-redirects/-/follow-redirects-1.5.10.tgz#7b7a9f9aea2fdff36786a94ff643ed07f4ff5e2a"
    integrity sha1-e3qfmuov3/NnhqlP9kPtB/T/Xio=
    dependencies:
      debug "=3.1.0"
  
  fs@^0.0.1-security:
    version "0.0.1-security"
    resolved "https://packages.atlassian.com/api/npm/npm-remote/fs/-/fs-0.0.1-security.tgz#8a7bd37186b6dddf3813f23858b57ecaaf5e41d4"
    integrity sha1-invTcYa23d84E/I4WLV+yq9eQdQ=
  
  has-flag@^3.0.0:
    version "3.0.0"
    resolved "https://packages.atlassian.com/api/npm/npm-remote/has-flag/-/has-flag-3.0.0.tgz#b5d454dc2199ae225699f3467e5a07f3b955bafd"
    integrity sha1-tdRU3CGZriJWmfNGfloH87lVuv0=
  
  has-flag@^4.0.0:
    version "4.0.0"
    resolved "https://packages.atlassian.com/api/npm/npm-remote/has-flag/-/has-flag-4.0.0.tgz#944771fd9c81c81265c4d6941860da06bb59479b"
    integrity sha1-lEdx/ZyByBJlxNaUGGDaBrtZR5s=
  
  ini@^1.3.5:
    version "1.3.5"
    resolved "https://packages.atlassian.com/api/npm/npm-remote/ini/-/ini-1.3.5.tgz#eee25f56db1c9ec6085e0c22778083f596abf927"
    integrity sha1-7uJfVtscnsYIXgwid4CD9Zar+Sc=
  
  is-fullwidth-code-point@^3.0.0:
    version "3.0.0"
    resolved "https://packages.atlassian.com/api/npm/npm-remote/is-fullwidth-code-point/-/is-fullwidth-code-point-3.0.0.tgz#f116f8064fe90b3f7844a38997c0b75051269f1d"
    integrity sha1-8Rb4Bk/pCz94RKOJl8C3UFEmnx0=
  
  is-interactive@^1.0.0:
    version "1.0.0"
    resolved "https://packages.atlassian.com/api/npm/npm-remote/is-interactive/-/is-interactive-1.0.0.tgz#cea6e6ae5c870a7b0a0004070b7b587e0252912e"
    integrity sha1-zqbmrlyHCnsKAAQHC3tYfgJSkS4=
  
  log-symbols@^3.0.0:
    version "3.0.0"
    resolved "https://packages.atlassian.com/api/npm/npm-remote/log-symbols/-/log-symbols-3.0.0.tgz#f3a08516a5dea893336a7dee14d18a1cfdab77c4"
    integrity sha1-86CFFqXeqJMzan3uFNGKHP2rd8Q=
    dependencies:
      chalk "^2.4.2"
  
  mimic-fn@^2.1.0:
    version "2.1.0"
    resolved "https://packages.atlassian.com/api/npm/npm-remote/mimic-fn/-/mimic-fn-2.1.0.tgz#7ed2c2ccccaf84d3ffcb7a69b57711fc2083401b"
    integrity sha1-ftLCzMyvhNP/y3pptXcR/CCDQBs=
  
  ms@2.0.0:
    version "2.0.0"
    resolved "https://packages.atlassian.com/api/npm/npm-remote/ms/-/ms-2.0.0.tgz#5608aeadfc00be6c2901df5f9861788de0d597c8"
    integrity sha1-VgiurfwAvmwpAd9fmGF4jeDVl8g=
  
  mute-stream@0.0.8:
    version "0.0.8"
    resolved "https://packages.atlassian.com/api/npm/npm-remote/mute-stream/-/mute-stream-0.0.8.tgz#1630c42b2251ff81e2a283de96a5497ea92e5e0d"
    integrity sha1-FjDEKyJR/4HiooPelqVJfqkuXg0=
  
  oauth@0.9.x:
    version "0.9.15"
    resolved "https://packages.atlassian.com/api/npm/npm-remote/oauth/-/oauth-0.9.15.tgz#bd1fefaf686c96b75475aed5196412ff60cfb9c1"
    integrity sha1-vR/vr2hslrdUda7VGWQS/2DPucE=
  
  object-assign@^4.1.0:
    version "4.1.1"
    resolved "https://packages.atlassian.com/api/npm/npm-remote/object-assign/-/object-assign-4.1.1.tgz#2109adc7965887cfc05cbbd442cac8bfbb360863"
    integrity sha1-IQmtx5ZYh8/AXLvUQsrIv7s2CGM=
  
  onetime@^5.1.0:
    version "5.1.0"
    resolved "https://packages.atlassian.com/api/npm/npm-remote/onetime/-/onetime-5.1.0.tgz#fff0f3c91617fe62bb50189636e99ac8a6df7be5"
    integrity sha1-//DzyRYX/mK7UBiWNumayKbfe+U=
    dependencies:
      mimic-fn "^2.1.0"
  
  ora@^4.0.3:
    version "4.0.3"
    resolved "https://packages.atlassian.com/api/npm/npm-remote/ora/-/ora-4.0.3.tgz#752a1b7b4be4825546a7a3d59256fa523b6b6d05"
    integrity sha1-dSobe0vkglVGp6PVklb6UjtrbQU=
    dependencies:
      chalk "^3.0.0"
      cli-cursor "^3.1.0"
      cli-spinners "^2.2.0"
      is-interactive "^1.0.0"
      log-symbols "^3.0.0"
      mute-stream "0.0.8"
      strip-ansi "^6.0.0"
      wcwidth "^1.0.1"
  
  passport-oauth1@1.x.x:
    version "1.1.0"
    resolved "https://packages.atlassian.com/api/npm/npm-remote/passport-oauth1/-/passport-oauth1-1.1.0.tgz#a7de988a211f9cf4687377130ea74df32730c918"
    integrity sha1-p96YiiEfnPRoc3cTDqdN8ycwyRg=
    dependencies:
      oauth "0.9.x"
      passport-strategy "1.x.x"
      utils-merge "1.x.x"
  
  passport-oauth2@1.x.x:
    version "1.5.0"
    resolved "https://packages.atlassian.com/api/npm/npm-remote/passport-oauth2/-/passport-oauth2-1.5.0.tgz#64babbb54ac46a4dcab35e7f266ed5294e3c4108"
    integrity sha1-ZLq7tUrEak3Ks15/Jm7VKU48QQg=
    dependencies:
      base64url "3.x.x"
      oauth "0.9.x"
      passport-strategy "1.x.x"
      uid2 "0.0.x"
      utils-merge "1.x.x"
  
  passport-oauth@^1.0.0:
    version "1.0.0"
    resolved "https://packages.atlassian.com/api/npm/npm-remote/passport-oauth/-/passport-oauth-1.0.0.tgz#90aff63387540f02089af28cdad39ea7f80d77df"
    integrity sha1-kK/2M4dUDwIImvKM2tOep/gNd98=
    dependencies:
      passport-oauth1 "1.x.x"
      passport-oauth2 "1.x.x"
  
  passport-strategy@1.x.x:
    version "1.0.0"
    resolved "https://packages.atlassian.com/api/npm/npm-remote/passport-strategy/-/passport-strategy-1.0.0.tgz#b5539aa8fc225a3d1ad179476ddf236b440f52e4"
    integrity sha1-tVOaqPwiWj0a0XlHbd8ja0QPUuQ=
  
  querystring@^0.2.0:
    version "0.2.0"
    resolved "https://packages.atlassian.com/api/npm/npm-remote/querystring/-/querystring-0.2.0.tgz#b209849203bb25df820da756e747005878521620"
    integrity sha1-sgmEkgO7Jd+CDadW50cAWHhSFiA=
  
  restore-cursor@^3.1.0:
    version "3.1.0"
    resolved "https://packages.atlassian.com/api/npm/npm-remote/restore-cursor/-/restore-cursor-3.1.0.tgz#39f67c54b3a7a58cea5236d95cf0034239631f7e"
    integrity sha1-OfZ8VLOnpYzqUjbZXPADQjljH34=
    dependencies:
      onetime "^5.1.0"
      signal-exit "^3.0.2"
  
  signal-exit@^3.0.2:
    version "3.0.3"
    resolved "https://packages.atlassian.com/api/npm/npm-remote/signal-exit/-/signal-exit-3.0.3.tgz#a1410c2edd8f077b08b4e253c8eacfcaf057461c"
    integrity sha1-oUEMLt2PB3sItOJTyOrPyvBXRhw=
  
  string-width@^4.2.0:
    version "4.2.0"
    resolved "https://packages.atlassian.com/api/npm/npm-remote/string-width/-/string-width-4.2.0.tgz#952182c46cc7b2c313d1596e623992bd163b72b5"
    integrity sha1-lSGCxGzHssMT0VluYjmSvRY7crU=
    dependencies:
      emoji-regex "^8.0.0"
      is-fullwidth-code-point "^3.0.0"
      strip-ansi "^6.0.0"
  
  strip-ansi@^6.0.0:
    version "6.0.0"
    resolved "https://packages.atlassian.com/api/npm/npm-remote/strip-ansi/-/strip-ansi-6.0.0.tgz#0b1571dd7669ccd4f3e06e14ef1eed26225ae532"
    integrity sha1-CxVx3XZpzNTz4G4U7x7tJiJa5TI=
    dependencies:
      ansi-regex "^5.0.0"
  
  supports-color@^5.3.0:
    version "5.5.0"
    resolved "https://packages.atlassian.com/api/npm/npm-remote/supports-color/-/supports-color-5.5.0.tgz#e2e69a44ac8772f78a1ec0b35b689df6530efc8f"
    integrity sha1-4uaaRKyHcveKHsCzW2id9lMO/I8=
    dependencies:
      has-flag "^3.0.0"
  
  supports-color@^7.1.0:
    version "7.1.0"
    resolved "https://packages.atlassian.com/api/npm/npm-remote/supports-color/-/supports-color-7.1.0.tgz#68e32591df73e25ad1c4b49108a2ec507962bfd1"
    integrity sha1-aOMlkd9z4lrRxLSRCKLsUHliv9E=
    dependencies:
      has-flag "^4.0.0"
  
  uid2@0.0.x:
    version "0.0.3"
    resolved "https://packages.atlassian.com/api/npm/npm-remote/uid2/-/uid2-0.0.3.tgz#483126e11774df2f71b8b639dcd799c376162b82"
    integrity sha1-SDEm4Rd03y9xuLY53NeZw3YWK4I=
  
  utils-merge@1.x.x:
    version "1.0.1"
    resolved "https://packages.atlassian.com/api/npm/npm-remote/utils-merge/-/utils-merge-1.0.1.tgz#9f95710f50a267947b2ccc124741c1028427e713"
    integrity sha1-n5VxD1CiZ5R7LMwSR0HBAoQn5xM=
  
  wcwidth@^1.0.1:
    version "1.0.1"
    resolved "https://packages.atlassian.com/api/npm/npm-remote/wcwidth/-/wcwidth-1.0.1.tgz#f0b0dcf915bc5ff1528afadb2c0e17b532da2fe8"
    integrity sha1-8LDc+RW8X/FSivrbLA4XtTLaL+g=
    dependencies:
      defaults "^1.0.3"
